# JRE version: OpenJDK Runtime Environment (8.0_222-b10) (build 1.8.0_222-b10)
# Java VM: OpenJDK 64-Bit Server VM (25.222-b10 mixed mode linux-amd64 compressed oops)
Heap:
 def new generation   total 17984K, used 0K [0x00000000f0800000, 0x00000000f1b80000, 0x00000000f5aa0000)
  eden space 16000K,   0% used [0x00000000f0800000, 0x00000000f0800000, 0x00000000f17a0000)
  from space 1984K,   0% used [0x00000000f17a0000, 0x00000000f17a0000, 0x00000000f1990000)
  to   space 1984K,   0% used [0x00000000f1990000, 0x00000000f1990000, 0x00000000f1b80000)
 tenured generation   total 49600K, used 36280K [0x00000000f5aa0000, 0x00000000f8b10000, 0x0000000100000000)
   the space 49600K,  73% used [0x00000000f5aa0000, 0x00000000f7e0e158, 0x00000000f7e0e200, 0x00000000f8b10000)
 Metaspace       used 26556K, capacity 27288K, committed 27520K, reserved 1073152K
  class space    used 2918K, capacity 3157K, committed 3200K, reserved 1048576K
GC Heap History (95 events):
Event: 3.895 GC heap before
{Heap before GC invocations=0 (full 0):
 def new generation   total 4928K, used 4416K [0x00000000f0800000, 0x00000000f0d50000, 0x00000000f5aa0000)
  eden space 4416K, 100% used [0x00000000f0800000, 0x00000000f0c50000, 0x00000000f0c50000)
  from space 512K,   0% used [0x00000000f0c50000, 0x00000000f0c50000, 0x00000000f0cd0000)
  to   space 512K,   0% used [0x00000000f0cd0000, 0x00000000f0cd0000, 0x00000000f0d50000)
 tenured generation   total 10944K, used 0K [0x00000000f5aa0000, 0x00000000f6550000, 0x0000000100000000)
   the space 10944K,   0% used [0x00000000f5aa0000, 0x00000000f5aa0000, 0x00000000f5aa0200, 0x00000000f6550000)
 Metaspace       used 5034K, capacity 5260K, committed 5504K, reserved 1056768K
  class space    used 480K, capacity 568K, committed 640K, reserved 1048576K
Event: 3.901 GC heap after
Heap after GC invocations=1 (full 0):
 def new generation   total 4928K, used 511K [0x00000000f0800000, 0x00000000f0d50000, 0x00000000f5aa0000)
  eden space 4416K,   0% used [0x00000000f0800000, 0x00000000f0800000, 0x00000000f0c50000)
  from space 512K,  99% used [0x00000000f0cd0000, 0x00000000f0d4fff8, 0x00000000f0d50000)
  to   space 512K,   0% used [0x00000000f0c50000, 0x00000000f0c50000, 0x00000000f0cd0000)
 tenured generation   total 10944K, used 902K [0x00000000f5aa0000, 0x00000000f6550000, 0x0000000100000000)
   the space 10944K,   8% used [0x00000000f5aa0000, 0x00000000f5b81830, 0x00000000f5b81a00, 0x00000000f6550000)
 Metaspace       used 5034K, capacity 5260K, committed 5504K, reserved 1056768K
  class space    used 480K, capacity 568K, committed 640K, reserved 1048576K
}
Event: 4.117 GC heap before
{Heap before GC invocations=1 (full 0):
 def new generation   total 4928K, used 4927K [0x00000000f0800000, 0x00000000f0d50000, 0x00000000f5aa0000)
  eden space 4416K, 100% used [0x00000000f0800000, 0x00000000f0c50000, 0x00000000f0c50000)
  from space 512K,  99% used [0x00000000f0cd0000, 0x00000000f0d4fff8, 0x00000000f0d50000)
  to   space 512K,   0% used [0x00000000f0c50000, 0x00000000f0c50000, 0x00000000f0cd0000)
 tenured generation   total 10944K, used 902K [0x00000000f5aa0000, 0x00000000f6550000, 0x0000000100000000)
   the space 10944K,   8% used [0x00000000f5aa0000, 0x00000000f5b81830, 0x00000000f5b81a00, 0x00000000f6550000)
 Metaspace       used 5806K, capacity 5980K, committed 6016K, reserved 1056768K
  class space    used 575K, capacity 632K, committed 640K, reserved 1048576K
Event: 4.120 GC heap after
Heap after GC invocations=2 (full 0):
 def new generation   total 4928K, used 512K [0x00000000f0800000, 0x00000000f0d50000, 0x00000000f5aa0000)
  eden space 4416K,   0% used [0x00000000f0800000, 0x00000000f0800000, 0x00000000f0c50000)
  from space 512K, 100% used [0x00000000f0c50000, 0x00000000f0cd0000, 0x00000000f0cd0000)
  to   space 512K,   0% used [0x00000000f0cd0000, 0x00000000f0cd0000, 0x00000000f0d50000)
 tenured generation   total 10944K, used 1559K [0x00000000f5aa0000, 0x00000000f6550000, 0x0000000100000000)
   the space 10944K,  14% used [0x00000000f5aa0000, 0x00000000f5c25e48, 0x00000000f5c26000, 0x00000000f6550000)
 Metaspace       used 5806K, capacity 5980K, committed 6016K, reserved 1056768K
  class space    used 575K, capacity 632K, committed 640K, reserved 1048576K
}
Event: 4.335 GC heap before
{Heap before GC invocations=2 (full 0):
 def new generation   total 4928K, used 4928K [0x00000000f0800000, 0x00000000f0d50000, 0x00000000f5aa0000)
  eden space 4416K, 100% used [0x00000000f0800000, 0x00000000f0c50000, 0x00000000f0c50000)
  from space 512K, 100% used [0x00000000f0c50000, 0x00000000f0cd0000, 0x00000000f0cd0000)
  to   space 512K,   0% used [0x00000000f0cd0000, 0x00000000f0cd0000, 0x00000000f0d50000)
 tenured generation   total 10944K, used 1559K [0x00000000f5aa0000, 0x00000000f6550000, 0x0000000100000000)
   the space 10944K,  14% used [0x00000000f5aa0000, 0x00000000f5c25e48, 0x00000000f5c26000, 0x00000000f6550000)
 Metaspace       used 6698K, capacity 6780K, committed 6912K, reserved 1056768K
  class space    used 678K, capacity 728K, committed 768K, reserved 1048576K
Event: 4.337 GC heap after
Heap after GC invocations=3 (full 0):
 def new generation   total 4928K, used 512K [0x00000000f0800000, 0x00000000f0d50000, 0x00000000f5aa0000)
  eden space 4416K,   0% used [0x00000000f0800000, 0x00000000f0800000, 0x00000000f0c50000)
  from space 512K, 100% used [0x00000000f0cd0000, 0x00000000f0d50000, 0x00000000f0d50000)
  to   space 512K,   0% used [0x00000000f0c50000, 0x00000000f0c50000, 0x00000000f0cd0000)
 tenured generation   total 10944K, used 1945K [0x00000000f5aa0000, 0x00000000f6550000, 0x0000000100000000)
   the space 10944K,  17% used [0x00000000f5aa0000, 0x00000000f5c86620, 0x00000000f5c86800, 0x00000000f6550000)
 Metaspace       used 6698K, capacity 6780K, committed 6912K, reserved 1056768K
  class space    used 678K, capacity 728K, committed 768K, reserved 1048576K
}
Event: 5.384 GC heap before
{Heap before GC invocations=3 (full 0):
 def new generation   total 4928K, used 4928K [0x00000000f0800000, 0x00000000f0d50000, 0x00000000f5aa0000)
  eden space 4416K, 100% used [0x00000000f0800000, 0x00000000f0c50000, 0x00000000f0c50000)
  from space 512K, 100% used [0x00000000f0cd0000, 0x00000000f0d50000, 0x00000000f0d50000)
  to   space 512K,   0% used [0x00000000f0c50000, 0x00000000f0c50000, 0x00000000f0cd0000)
 tenured generation   total 10944K, used 1945K [0x00000000f5aa0000, 0x00000000f6550000, 0x0000000100000000)
   the space 10944K,  17% used [0x00000000f5aa0000, 0x00000000f5c86620, 0x00000000f5c86800, 0x00000000f6550000)
 Metaspace       used 7309K, capacity 7388K, committed 7552K, reserved 1056768K
  class space    used 771K, capacity 824K, committed 896K, reserved 1048576K
Event: 5.387 GC heap after
Heap after GC invocations=4 (full 0):
 def new generation   total 4928K, used 512K [0x00000000f0800000, 0x00000000f0d50000, 0x00000000f5aa0000)
  eden space 4416K,   0% used [0x00000000f0800000, 0x00000000f0800000, 0x00000000f0c50000)
  from space 512K, 100% used [0x00000000f0c50000, 0x00000000f0cd0000, 0x00000000f0cd0000)
  to   space 512K,   0% used [0x00000000f0cd0000, 0x00000000f0cd0000, 0x00000000f0d50000)
 tenured generation   total 10944K, used 2177K [0x00000000f5aa0000, 0x00000000f6550000, 0x0000000100000000)
   the space 10944K,  19% used [0x00000000f5aa0000, 0x00000000f5cc0598, 0x00000000f5cc0600, 0x00000000f6550000)
 Metaspace       used 7309K, capacity 7388K, committed 7552K, reserved 1056768K
  class space    used 771K, capacity 824K, committed 896K, reserved 1048576K
}
Event: 5.606 GC heap before
{Heap before GC invocations=4 (full 0):
 def new generation   total 4928K, used 4928K [0x00000000f0800000, 0x00000000f0d50000, 0x00000000f5aa0000)
  eden space 4416K, 100% used [0x00000000f0800000, 0x00000000f0c50000, 0x00000000f0c50000)
  from space 512K, 100% used [0x00000000f0c50000, 0x00000000f0cd0000, 0x00000000f0cd0000)
  to   space 512K,   0% used [0x00000000f0cd0000, 0x00000000f0cd0000, 0x00000000f0d50000)
 tenured generation   total 10944K, used 2177K [0x00000000f5aa0000, 0x00000000f6550000, 0x0000000100000000)
   the space 10944K,  19% used [0x00000000f5aa0000, 0x00000000f5cc0598, 0x00000000f5cc0600, 0x00000000f6550000)
 Metaspace       used 8078K, capacity 8220K, committed 8448K, reserved 1056768K
  class space    used 885K, capacity 952K, committed 1024K, reserved 1048576K
Event: 5.608 GC heap after
Heap after GC invocations=5 (full 0):
 def new generation   total 4928K, used 511K [0x00000000f0800000, 0x00000000f0d50000, 0x00000000f5aa0000)
  eden space 4416K,   0% used [0x00000000f0800000, 0x00000000f0800000, 0x00000000f0c50000)
  from space 512K,  99% used [0x00000000f0cd0000, 0x00000000f0d4fff8, 0x00000000f0d50000)
  to   space 512K,   0% used [0x00000000f0c50000, 0x00000000f0c50000, 0x00000000f0cd0000)
 tenured generation   total 10944K, used 2424K [0x00000000f5aa0000, 0x00000000f6550000, 0x0000000100000000)
   the space 10944K,  22% used [0x00000000f5aa0000, 0x00000000f5cfe088, 0x00000000f5cfe200, 0x00000000f6550000)
 Metaspace       used 8078K, capacity 8220K, committed 8448K, reserved 1056768K
  class space    used 885K, capacity 952K, committed 1024K, reserved 1048576K
}
Event: 5.715 GC heap before
{Heap before GC invocations=5 (full 0):
 def new generation   total 4928K, used 4927K [0x00000000f0800000, 0x00000000f0d50000, 0x00000000f5aa0000)
  eden space 4416K, 100% used [0x00000000f0800000, 0x00000000f0c50000, 0x00000000f0c50000)
  from space 512K,  99% used [0x00000000f0cd0000, 0x00000000f0d4fff8, 0x00000000f0d50000)
  to   space 512K,   0% used [0x00000000f0c50000, 0x00000000f0c50000, 0x00000000f0cd0000)
 tenured generation   total 10944K, used 2424K [0x00000000f5aa0000, 0x00000000f6550000, 0x0000000100000000)
   the space 10944K,  22% used [0x00000000f5aa0000, 0x00000000f5cfe088, 0x00000000f5cfe200, 0x00000000f6550000)
 Metaspace       used 8224K, capacity 8380K, committed 8448K, reserved 1056768K
  class space    used 906K, capacity 984K, committed 1024K, reserved 1048576K
Event: 5.717 GC heap after
Heap after GC invocations=6 (full 0):
 def new generation   total 4928K, used 307K [0x00000000f0800000, 0x00000000f0d50000, 0x00000000f5aa0000)
  eden space 4416K,   0% used [0x00000000f0800000, 0x00000000f0800000, 0x00000000f0c50000)
  from space 512K,  60% used [0x00000000f0c50000, 0x00000000f0c9cd80, 0x00000000f0cd0000)
  to   space 512K,   0% used [0x00000000f0cd0000, 0x00000000f0cd0000, 0x00000000f0d50000)
 tenured generation   total 10944K, used 2704K [0x00000000f5aa0000, 0x00000000f6550000, 0x0000000100000000)
   the space 10944K,  24% used [0x00000000f5aa0000, 0x00000000f5d44028, 0x00000000f5d44200, 0x00000000f6550000)
 Metaspace       used 8224K, capacity 8380K, committed 8448K, reserved 1056768K
  class space    used 906K, capacity 984K, committed 1024K, reserved 1048576K
}
Event: 5.845 GC heap before
{Heap before GC invocations=6 (full 0):
 def new generation   total 4928K, used 4723K [0x00000000f0800000, 0x00000000f0d50000, 0x00000000f5aa0000)
  eden space 4416K, 100% used [0x00000000f0800000, 0x00000000f0c50000, 0x00000000f0c50000)
  from space 512K,  60% used [0x00000000f0c50000, 0x00000000f0c9cd80, 0x00000000f0cd0000)
  to   space 512K,   0% used [0x00000000f0cd0000, 0x00000000f0cd0000, 0x00000000f0d50000)
 tenured generation   total 10944K, used 2704K [0x00000000f5aa0000, 0x00000000f6550000, 0x0000000100000000)
   the space 10944K,  24% used [0x00000000f5aa0000, 0x00000000f5d44028, 0x00000000f5d44200, 0x00000000f6550000)
 Metaspace       used 8406K, capacity 8540K, committed 8704K, reserved 1056768K
  class space    used 936K, capacity 1016K, committed 1024K, reserved 1048576K
Event: 5.847 GC heap after
Heap after GC invocations=7 (full 0):
 def new generation   total 4928K, used 299K [0x00000000f0800000, 0x00000000f0d50000, 0x00000000f5aa0000)
  eden space 4416K,   0% used [0x00000000f0800000, 0x00000000f0800000, 0x00000000f0c50000)
  from space 512K,  58% used [0x00000000f0cd0000, 0x00000000f0d1aeb8, 0x00000000f0d50000)
  to   space 512K,   0% used [0x00000000f0c50000, 0x00000000f0c50000, 0x00000000f0cd0000)
 tenured generation   total 10944K, used 2843K [0x00000000f5aa0000, 0x00000000f6550000, 0x0000000100000000)
   the space 10944K,  25% used [0x00000000f5aa0000, 0x00000000f5d66ec0, 0x00000000f5d67000, 0x00000000f6550000)
 Metaspace       used 8406K, capacity 8540K, committed 8704K, reserved 1056768K
  class space    used 936K, capacity 1016K, committed 1024K, reserved 1048576K
}
Event: 6.729 GC heap before
{Heap before GC invocations=7 (full 0):
 def new generation   total 4928K, used 4715K [0x00000000f0800000, 0x00000000f0d50000, 0x00000000f5aa0000)
  eden space 4416K, 100% used [0x00000000f0800000, 0x00000000f0c50000, 0x00000000f0c50000)
  from space 512K,  58% used [0x00000000f0cd0000, 0x00000000f0d1aeb8, 0x00000000f0d50000)
  to   space 512K,   0% used [0x00000000f0c50000, 0x00000000f0c50000, 0x00000000f0cd0000)
 tenured generation   total 10944K, used 2843K [0x00000000f5aa0000, 0x00000000f6550000, 0x0000000100000000)
   the space 10944K,  25% used [0x00000000f5aa0000, 0x00000000f5d66ec0, 0x00000000f5d67000, 0x00000000f6550000)
 Metaspace       used 8894K, capacity 9032K, committed 9344K, reserved 1056768K
  class space    used 992K, capacity 1050K, committed 1152K, reserved 1048576K
Event: 6.731 GC heap after
Heap after GC invocations=8 (full 0):
 def new generation   total 4928K, used 511K [0x00000000f0800000, 0x00000000f0d50000, 0x00000000f5aa0000)
  eden space 4416K,   0% used [0x00000000f0800000, 0x00000000f0800000, 0x00000000f0c50000)
  from space 512K,  99% used [0x00000000f0c50000, 0x00000000f0ccfff0, 0x00000000f0cd0000)
  to   space 512K,   0% used [0x00000000f0cd0000, 0x00000000f0cd0000, 0x00000000f0d50000)
 tenured generation   total 10944K, used 3294K [0x00000000f5aa0000, 0x00000000f6550000, 0x0000000100000000)
   the space 10944K,  30% used [0x00000000f5aa0000, 0x00000000f5dd7920, 0x00000000f5dd7a00, 0x00000000f6550000)
 Metaspace       used 8894K, capacity 9032K, committed 9344K, reserved 1056768K
  class space    used 992K, capacity 1050K, committed 1152K, reserved 1048576K
}
Event: 6.815 GC heap before
{Heap before GC invocations=8 (full 0):
 def new generation   total 4928K, used 4927K [0x00000000f0800000, 0x00000000f0d50000, 0x00000000f5aa0000)
  eden space 4416K, 100% used [0x00000000f0800000, 0x00000000f0c50000, 0x00000000f0c50000)
  from space 512K,  99% used [0x00000000f0c50000, 0x00000000f0ccfff0, 0x00000000f0cd0000)
  to   space 512K,   0% used [0x00000000f0cd0000, 0x00000000f0cd0000, 0x00000000f0d50000)
 tenured generation   total 10944K, used 3294K [0x00000000f5aa0000, 0x00000000f6550000, 0x0000000100000000)
   the space 10944K,  30% used [0x00000000f5aa0000, 0x00000000f5dd7920, 0x00000000f5dd7a00, 0x00000000f6550000)
 Metaspace       used 9295K, capacity 9480K, committed 9600K, reserved 1058816K
  class space    used 1037K, capacity 1114K, committed 1152K, reserved 1048576K
Event: 6.816 GC heap after
Heap after GC invocations=9 (full 0):
 def new generation   total 4928K, used 512K [0x00000000f0800000, 0x00000000f0d50000, 0x00000000f5aa0000)
  eden space 4416K,   0% used [0x00000000f0800000, 0x00000000f0800000, 0x00000000f0c50000)
  from space 512K, 100% used [0x00000000f0cd0000, 0x00000000f0d50000, 0x00000000f0d50000)
  to   space 512K,   0% used [0x00000000f0c50000, 0x00000000f0c50000, 0x00000000f0cd0000)
 tenured generation   total 10944K, used 3819K [0x00000000f5aa0000, 0x00000000f6550000, 0x0000000100000000)
   the space 10944K,  34% used [0x00000000f5aa0000, 0x00000000f5e5ad08, 0x00000000f5e5ae00, 0x00000000f6550000)
 Metaspace       used 9295K, capacity 9480K, committed 9600K, reserved 1058816K
  class space    used 1037K, capacity 1114K, committed 1152K, reserved 1048576K
}
Event: 6.967 GC heap before
{Heap before GC invocations=9 (full 0):
 def new generation   total 4928K, used 4928K [0x00000000f0800000, 0x00000000f0d50000, 0x00000000f5aa0000)
  eden space 4416K, 100% used [0x00000000f0800000, 0x00000000f0c50000, 0x00000000f0c50000)
  from space 512K, 100% used [0x00000000f0cd0000, 0x00000000f0d50000, 0x00000000f0d50000)
  to   space 512K,   0% used [0x00000000f0c50000, 0x00000000f0c50000, 0x00000000f0cd0000)
 tenured generation   total 10944K, used 3819K [0x00000000f5aa0000, 0x00000000f6550000, 0x0000000100000000)
   the space 10944K,  34% used [0x00000000f5aa0000, 0x00000000f5e5ad08, 0x00000000f5e5ae00, 0x00000000f6550000)
 Metaspace       used 9790K, capacity 9910K, committed 10112K, reserved 1058816K
  class space    used 1095K, capacity 1151K, committed 1152K, reserved 1048576K
Event: 6.969 GC heap after
Heap after GC invocations=10 (full 0):
 def new generation   total 4928K, used 511K [0x00000000f0800000, 0x00000000f0d50000, 0x00000000f5aa0000)
  eden space 4416K,   0% used [0x00000000f0800000, 0x00000000f0800000, 0x00000000f0c50000)
  from space 512K,  99% used [0x00000000f0c50000, 0x00000000f0ccfff8, 0x00000000f0cd0000)
  to   space 512K,   0% used [0x00000000f0cd0000, 0x00000000f0cd0000, 0x00000000f0d50000)
 tenured generation   total 10944K, used 4111K [0x00000000f5aa0000, 0x00000000f6550000, 0x0000000100000000)
   the space 10944K,  37% used [0x00000000f5aa0000, 0x00000000f5ea3f30, 0x00000000f5ea4000, 0x00000000f6550000)
 Metaspace       used 9790K, capacity 9910K, committed 10112K, reserved 1058816K
  class space    used 1095K, capacity 1151K, committed 1152K, reserved 1048576K
}
Event: 7.180 GC heap before
{Heap before GC invocations=10 (full 0):
 def new generation   total 4928K, used 4927K [0x00000000f0800000, 0x00000000f0d50000, 0x00000000f5aa0000)
  eden space 4416K, 100% used [0x00000000f0800000, 0x00000000f0c50000, 0x00000000f0c50000)
  from space 512K,  99% used [0x00000000f0c50000, 0x00000000f0ccfff8, 0x00000000f0cd0000)
  to   space 512K,   0% used [0x00000000f0cd0000, 0x00000000f0cd0000, 0x00000000f0d50000)
 tenured generation   total 10944K, used 4111K [0x00000000f5aa0000, 0x00000000f6550000, 0x0000000100000000)
   the space 10944K,  37% used [0x00000000f5aa0000, 0x00000000f5ea3f30, 0x00000000f5ea4000, 0x00000000f6550000)
 Metaspace       used 10372K, capacity 10528K, committed 10752K, reserved 1058816K
  class space    used 1174K, capacity 1252K, committed 1280K, reserved 1048576K
Event: 7.183 GC heap after
Heap after GC invocations=11 (full 0):
 def new generation   total 4928K, used 511K [0x00000000f0800000, 0x00000000f0d50000, 0x00000000f5aa0000)
  eden space 4416K,   0% used [0x00000000f0800000, 0x00000000f0800000, 0x00000000f0c50000)
  from space 512K,  99% used [0x00000000f0cd0000, 0x00000000f0d4fff0, 0x00000000f0d50000)
  to   space 512K,   0% used [0x00000000f0c50000, 0x00000000f0c50000, 0x00000000f0cd0000)
 tenured generation   total 10944K, used 4430K [0x00000000f5aa0000, 0x00000000f6550000, 0x0000000100000000)
   the space 10944K,  40% used [0x00000000f5aa0000, 0x00000000f5ef39b0, 0x00000000f5ef3a00, 0x00000000f6550000)
 Metaspace       used 10372K, capacity 10528K, committed 10752K, reserved 1058816K
  class space    used 1174K, capacity 1252K, committed 1280K, reserved 1048576K
}
Event: 7.429 GC heap before
{Heap before GC invocations=11 (full 0):
 def new generation   total 4928K, used 4927K [0x00000000f0800000, 0x00000000f0d50000, 0x00000000f5aa0000)
  eden space 4416K, 100% used [0x00000000f0800000, 0x00000000f0c50000, 0x00000000f0c50000)
  from space 512K,  99% used [0x00000000f0cd0000, 0x00000000f0d4fff0, 0x00000000f0d50000)
  to   space 512K,   0% used [0x00000000f0c50000, 0x00000000f0c50000, 0x00000000f0cd0000)
 tenured generation   total 10944K, used 4430K [0x00000000f5aa0000, 0x00000000f6550000, 0x0000000100000000)
   the space 10944K,  40% used [0x00000000f5aa0000, 0x00000000f5ef39b0, 0x00000000f5ef3a00, 0x00000000f6550000)
 Metaspace       used 10880K, capacity 11044K, committed 11136K, reserved 1058816K
  class space    used 1243K, capacity 1316K, committed 1408K, reserved 1048576K
Event: 7.431 GC heap after
Heap after GC invocations=12 (full 0):
 def new generation   total 4928K, used 511K [0x00000000f0800000, 0x00000000f0d50000, 0x00000000f5aa0000)
  eden space 4416K,   0% used [0x00000000f0800000, 0x00000000f0800000, 0x00000000f0c50000)
  from space 512K,  99% used [0x00000000f0c50000, 0x00000000f0ccfff0, 0x00000000f0cd0000)
  to   space 512K,   0% used [0x00000000f0cd0000, 0x00000000f0cd0000, 0x00000000f0d50000)
 tenured generation   total 10944K, used 4817K [0x00000000f5aa0000, 0x00000000f6550000, 0x0000000100000000)
   the space 10944K,  44% used [0x00000000f5aa0000, 0x00000000f5f544d8, 0x00000000f5f54600, 0x00000000f6550000)
 Metaspace       used 10880K, capacity 11044K, committed 11136K, reserved 1058816K
  class space    used 1243K, capacity 1316K, committed 1408K, reserved 1048576K
}
Event: 7.599 GC heap before
{Heap before GC invocations=12 (full 0):
 def new generation   total 4928K, used 4927K [0x00000000f0800000, 0x00000000f0d50000, 0x00000000f5aa0000)
  eden space 4416K, 100% used [0x00000000f0800000, 0x00000000f0c50000, 0x00000000f0c50000)
  from space 512K,  99% used [0x00000000f0c50000, 0x00000000f0ccfff0, 0x00000000f0cd0000)
  to   space 512K,   0% used [0x00000000f0cd0000, 0x00000000f0cd0000, 0x00000000f0d50000)
 tenured generation   total 10944K, used 4817K [0x00000000f5aa0000, 0x00000000f6550000, 0x0000000100000000)
   the space 10944K,  44% used [0x00000000f5aa0000, 0x00000000f5f544d8, 0x00000000f5f54600, 0x00000000f6550000)
 Metaspace       used 11440K, capacity 11560K, committed 11648K, reserved 1058816K
  class space    used 1313K, capacity 1380K, committed 1408K, reserved 1048576K
Event: 7.601 GC heap after
Heap after GC invocations=13 (full 0):
 def new generation   total 4928K, used 511K [0x00000000f0800000, 0x00000000f0d50000, 0x00000000f5aa0000)
  eden space 4416K,   0% used [0x00000000f0800000, 0x00000000f0800000, 0x00000000f0c50000)
  from space 512K,  99% used [0x00000000f0cd0000, 0x00000000f0d4fff8, 0x00000000f0d50000)
  to   space 512K,   0% used [0x00000000f0c50000, 0x00000000f0c50000, 0x00000000f0cd0000)
 tenured generation   total 10944K, used 5199K [0x00000000f5aa0000, 0x00000000f6550000, 0x0000000100000000)
   the space 10944K,  47% used [0x00000000f5aa0000, 0x00000000f5fb3d20, 0x00000000f5fb3e00, 0x00000000f6550000)
 Metaspace       used 11440K, capacity 11560K, committed 11648K, reserved 1058816K
  class space    used 1313K, capacity 1380K, committed 1408K, reserved 1048576K
}
Event: 7.767 GC heap before
{Heap before GC invocations=13 (full 0):
 def new generation   total 4928K, used 4927K [0x00000000f0800000, 0x00000000f0d50000, 0x00000000f5aa0000)
  eden space 4416K, 100% used [0x00000000f0800000, 0x00000000f0c50000, 0x00000000f0c50000)
  from space 512K,  99% used [0x00000000f0cd0000, 0x00000000f0d4fff8, 0x00000000f0d50000)
  to   space 512K,   0% used [0x00000000f0c50000, 0x00000000f0c50000, 0x00000000f0cd0000)
 tenured generation   total 10944K, used 5199K [0x00000000f5aa0000, 0x00000000f6550000, 0x0000000100000000)
   the space 10944K,  47% used [0x00000000f5aa0000, 0x00000000f5fb3d20, 0x00000000f5fb3e00, 0x00000000f6550000)
 Metaspace       used 11966K, capacity 12174K, committed 12544K, reserved 1060864K
  class space    used 1392K, capacity 1477K, committed 1536K, reserved 1048576K
Event: 7.770 GC heap after
Heap after GC invocations=14 (full 0):
 def new generation   total 4928K, used 511K [0x00000000f0800000, 0x00000000f0d50000, 0x00000000f5aa0000)
  eden space 4416K,   0% used [0x00000000f0800000, 0x00000000f0800000, 0x00000000f0c50000)
  from space 512K,  99% used [0x00000000f0c50000, 0x00000000f0ccfff8, 0x00000000f0cd0000)
  to   space 512K,   0% used [0x00000000f0cd0000, 0x00000000f0cd0000, 0x00000000f0d50000)
 tenured generation   total 10944K, used 5671K [0x00000000f5aa0000, 0x00000000f6550000, 0x0000000100000000)
   the space 10944K,  51% used [0x00000000f5aa0000, 0x00000000f6029de0, 0x00000000f6029e00, 0x00000000f6550000)
 Metaspace       used 11966K, capacity 12174K, committed 12544K, reserved 1060864K
  class space    used 1392K, capacity 1477K, committed 1536K, reserved 1048576K
}
Event: 7.879 GC heap before
{Heap before GC invocations=14 (full 0):
 def new generation   total 4928K, used 4927K [0x00000000f0800000, 0x00000000f0d50000, 0x00000000f5aa0000)
  eden space 4416K, 100% used [0x00000000f0800000, 0x00000000f0c50000, 0x00000000f0c50000)
  from space 512K,  99% used [0x00000000f0c50000, 0x00000000f0ccfff8, 0x00000000f0cd0000)
  to   space 512K,   0% used [0x00000000f0cd0000, 0x00000000f0cd0000, 0x00000000f0d50000)
 tenured generation   total 10944K, used 5671K [0x00000000f5aa0000, 0x00000000f6550000, 0x0000000100000000)
   the space 10944K,  51% used [0x00000000f5aa0000, 0x00000000f6029de0, 0x00000000f6029e00, 0x00000000f6550000)
 Metaspace       used 12414K, capacity 12564K, committed 12928K, reserved 1060864K
  class space    used 1456K, capacity 1542K, committed 1664K, reserved 1048576K
Event: 7.881 GC heap after
Heap after GC invocations=15 (full 0):
 def new generation   total 4928K, used 512K [0x00000000f0800000, 0x00000000f0d50000, 0x00000000f5aa0000)
  eden space 4416K,   0% used [0x00000000f0800000, 0x00000000f0800000, 0x00000000f0c50000)
  from space 512K, 100% used [0x00000000f0cd0000, 0x00000000f0d50000, 0x00000000f0d50000)
  to   space 512K,   0% used [0x00000000f0c50000, 0x00000000f0c50000, 0x00000000f0cd0000)
 tenured generation   total 10944K, used 6211K [0x00000000f5aa0000, 0x00000000f6550000, 0x0000000100000000)
   the space 10944K,  56% used [0x00000000f5aa0000, 0x00000000f60b0ff0, 0x00000000f60b1000, 0x00000000f6550000)
 Metaspace       used 12414K, capacity 12564K, committed 12928K, reserved 1060864K
  class space    used 1456K, capacity 1542K, committed 1664K, reserved 1048576K
}
Event: 8.258 GC heap before
{Heap before GC invocations=15 (full 0):
 def new generation   total 4928K, used 4928K [0x00000000f0800000, 0x00000000f0d50000, 0x00000000f5aa0000)
  eden space 4416K, 100% used [0x00000000f0800000, 0x00000000f0c50000, 0x00000000f0c50000)
  from space 512K, 100% used [0x00000000f0cd0000, 0x00000000f0d50000, 0x00000000f0d50000)
  to   space 512K,   0% used [0x00000000f0c50000, 0x00000000f0c50000, 0x00000000f0cd0000)
 tenured generation   total 10944K, used 6211K [0x00000000f5aa0000, 0x00000000f6550000, 0x0000000100000000)
   the space 10944K,  56% used [0x00000000f5aa0000, 0x00000000f60b0ff0, 0x00000000f60b1000, 0x00000000f6550000)
 Metaspace       used 12874K, capacity 13012K, committed 13184K, reserved 1060864K
  class space    used 1529K, capacity 1606K, committed 1664K, reserved 1048576K
Event: 8.261 GC heap after
Heap after GC invocations=16 (full 0):
 def new generation   total 4928K, used 512K [0x00000000f0800000, 0x00000000f0d50000, 0x00000000f5aa0000)
  eden space 4416K,   0% used [0x00000000f0800000, 0x00000000f0800000, 0x00000000f0c50000)
  from space 512K, 100% used [0x00000000f0c50000, 0x00000000f0cd0000, 0x00000000f0cd0000)
  to   space 512K,   0% used [0x00000000f0cd0000, 0x00000000f0cd0000, 0x00000000f0d50000)
 tenured generation   total 10944K, used 6576K [0x00000000f5aa0000, 0x00000000f6550000, 0x0000000100000000)
   the space 10944K,  60% used [0x00000000f5aa0000, 0x00000000f610c220, 0x00000000f610c400, 0x00000000f6550000)
 Metaspace       used 12874K, capacity 13012K, committed 13184K, reserved 1060864K
  class space    used 1529K, capacity 1606K, committed 1664K, reserved 1048576K
}
Event: 9.694 GC heap before
{Heap before GC invocations=16 (full 0):
 def new generation   total 4928K, used 4928K [0x00000000f0800000, 0x00000000f0d50000, 0x00000000f5aa0000)
  eden space 4416K, 100% used [0x00000000f0800000, 0x00000000f0c50000, 0x00000000f0c50000)
  from space 512K, 100% used [0x00000000f0c50000, 0x00000000f0cd0000, 0x00000000f0cd0000)
  to   space 512K,   0% used [0x00000000f0cd0000, 0x00000000f0cd0000, 0x00000000f0d50000)
 tenured generation   total 10944K, used 6576K [0x00000000f5aa0000, 0x00000000f6550000, 0x0000000100000000)
   the space 10944K,  60% used [0x00000000f5aa0000, 0x00000000f610c220, 0x00000000f610c400, 0x00000000f6550000)
 Metaspace       used 13784K, capacity 14000K, committed 14336K, reserved 1062912K
  class space    used 1615K, capacity 1712K, committed 1792K, reserved 1048576K
Event: 9.699 GC heap after
Heap after GC invocations=17 (full 0):
 def new generation   total 4928K, used 512K [0x00000000f0800000, 0x00000000f0d50000, 0x00000000f5aa0000)
  eden space 4416K,   0% used [0x00000000f0800000, 0x00000000f0800000, 0x00000000f0c50000)
  from space 512K, 100% used [0x00000000f0cd0000, 0x00000000f0d50000, 0x00000000f0d50000)
  to   space 512K,   0% used [0x00000000f0c50000, 0x00000000f0c50000, 0x00000000f0cd0000)
 tenured generation   total 10944K, used 7009K [0x00000000f5aa0000, 0x00000000f6550000, 0x0000000100000000)
   the space 10944K,  64% used [0x00000000f5aa0000, 0x00000000f61785f0, 0x00000000f6178600, 0x00000000f6550000)
 Metaspace       used 13784K, capacity 14000K, committed 14336K, reserved 1062912K
  class space    used 1615K, capacity 1712K, committed 1792K, reserved 1048576K
}
Event: 9.974 GC heap before
{Heap before GC invocations=17 (full 0):
 def new generation   total 4928K, used 4928K [0x00000000f0800000, 0x00000000f0d50000, 0x00000000f5aa0000)
  eden space 4416K, 100% used [0x00000000f0800000, 0x00000000f0c50000, 0x00000000f0c50000)
  from space 512K, 100% used [0x00000000f0cd0000, 0x00000000f0d50000, 0x00000000f0d50000)
  to   space 512K,   0% used [0x00000000f0c50000, 0x00000000f0c50000, 0x00000000f0cd0000)
 tenured generation   total 10944K, used 7009K [0x00000000f5aa0000, 0x00000000f6550000, 0x0000000100000000)
   the space 10944K,  64% used [0x00000000f5aa0000, 0x00000000f61785f0, 0x00000000f6178600, 0x00000000f6550000)
 Metaspace       used 14745K, capacity 14928K, committed 15232K, reserved 1062912K
  class space    used 1717K, capacity 1808K, committed 1920K, reserved 1048576K
Event: 9.980 GC heap after
Heap after GC invocations=18 (full 0):
 def new generation   total 4928K, used 511K [0x00000000f0800000, 0x00000000f0d50000, 0x00000000f5aa0000)
  eden space 4416K,   0% used [0x00000000f0800000, 0x00000000f0800000, 0x00000000f0c50000)
  from space 512K,  99% used [0x00000000f0c50000, 0x00000000f0ccfff8, 0x00000000f0cd0000)
  to   space 512K,   0% used [0x00000000f0cd0000, 0x00000000f0cd0000, 0x00000000f0d50000)
 tenured generation   total 10944K, used 7621K [0x00000000f5aa0000, 0x00000000f6550000, 0x0000000100000000)
   the space 10944K,  69% used [0x00000000f5aa0000, 0x00000000f6211410, 0x00000000f6211600, 0x00000000f6550000)
 Metaspace       used 14745K, capacity 14928K, committed 15232K, reserved 1062912K
  class space    used 1717K, capacity 1808K, committed 1920K, reserved 1048576K
}
Event: 10.870 GC heap before
{Heap before GC invocations=18 (full 0):
 def new generation   total 4928K, used 4927K [0x00000000f0800000, 0x00000000f0d50000, 0x00000000f5aa0000)
  eden space 4416K, 100% used [0x00000000f0800000, 0x00000000f0c50000, 0x00000000f0c50000)
  from space 512K,  99% used [0x00000000f0c50000, 0x00000000f0ccfff8, 0x00000000f0cd0000)
  to   space 512K,   0% used [0x00000000f0cd0000, 0x00000000f0cd0000, 0x00000000f0d50000)
 tenured generation   total 10944K, used 7621K [0x00000000f5aa0000, 0x00000000f6550000, 0x0000000100000000)
   the space 10944K,  69% used [0x00000000f5aa0000, 0x00000000f6211410, 0x00000000f6211600, 0x00000000f6550000)
 Metaspace       used 15286K, capacity 15472K, committed 15744K, reserved 1062912K
  class space    used 1758K, capacity 1840K, committed 1920K, reserved 1048576K
Event: 10.876 GC heap after
Heap after GC invocations=19 (full 0):
 def new generation   total 4928K, used 512K [0x00000000f0800000, 0x00000000f0d50000, 0x00000000f5aa0000)
  eden space 4416K,   0% used [0x00000000f0800000, 0x00000000f0800000, 0x00000000f0c50000)
  from space 512K, 100% used [0x00000000f0cd0000, 0x00000000f0d50000, 0x00000000f0d50000)
  to   space 512K,   0% used [0x00000000f0c50000, 0x00000000f0c50000, 0x00000000f0cd0000)
 tenured generation   total 10944K, used 8596K [0x00000000f5aa0000, 0x00000000f6550000, 0x0000000100000000)
   the space 10944K,  78% used [0x00000000f5aa0000, 0x00000000f6305068, 0x00000000f6305200, 0x00000000f6550000)
 Metaspace       used 15286K, capacity 15472K, committed 15744K, reserved 1062912K
  class space    used 1758K, capacity 1840K, committed 1920K, reserved 1048576K
}
Event: 11.455 GC heap before
{Heap before GC invocations=19 (full 0):
 def new generation   total 4928K, used 4928K [0x00000000f0800000, 0x00000000f0d50000, 0x00000000f5aa0000)
  eden space 4416K, 100% used [0x00000000f0800000, 0x00000000f0c50000, 0x00000000f0c50000)
  from space 512K, 100% used [0x00000000f0cd0000, 0x00000000f0d50000, 0x00000000f0d50000)
  to   space 512K,   0% used [0x00000000f0c50000, 0x00000000f0c50000, 0x00000000f0cd0000)
 tenured generation   total 10944K, used 8596K [0x00000000f5aa0000, 0x00000000f6550000, 0x0000000100000000)
   the space 10944K,  78% used [0x00000000f5aa0000, 0x00000000f6305068, 0x00000000f6305200, 0x00000000f6550000)
 Metaspace       used 15355K, capacity 15560K, committed 15744K, reserved 1062912K
  class space    used 1761K, capacity 1844K, committed 1920K, reserved 1048576K
Event: 11.460 GC heap after
Heap after GC invocations=20 (full 0):
 def new generation   total 4928K, used 470K [0x00000000f0800000, 0x00000000f0d50000, 0x00000000f5aa0000)
  eden space 4416K,   0% used [0x00000000f0800000, 0x00000000f0800000, 0x00000000f0c50000)
  from space 512K,  91% used [0x00000000f0c50000, 0x00000000f0cc5a28, 0x00000000f0cd0000)
  to   space 512K,   0% used [0x00000000f0cd0000, 0x00000000f0cd0000, 0x00000000f0d50000)
 tenured generation   total 10944K, used 9041K [0x00000000f5aa0000, 0x00000000f6550000, 0x0000000100000000)
   the space 10944K,  82% used [0x00000000f5aa0000, 0x00000000f63746c8, 0x00000000f6374800, 0x00000000f6550000)
 Metaspace       used 15355K, capacity 15560K, committed 15744K, reserved 1062912K
  class space    used 1761K, capacity 1844K, committed 1920K, reserved 1048576K
}
Event: 11.653 GC heap before
{Heap before GC invocations=20 (full 0):
 def new generation   total 4928K, used 4886K [0x00000000f0800000, 0x00000000f0d50000, 0x00000000f5aa0000)
  eden space 4416K, 100% used [0x00000000f0800000, 0x00000000f0c50000, 0x00000000f0c50000)
  from space 512K,  91% used [0x00000000f0c50000, 0x00000000f0cc5a28, 0x00000000f0cd0000)
  to   space 512K,   0% used [0x00000000f0cd0000, 0x00000000f0cd0000, 0x00000000f0d50000)
 tenured generation   total 10944K, used 9041K [0x00000000f5aa0000, 0x00000000f6550000, 0x0000000100000000)
   the space 10944K,  82% used [0x00000000f5aa0000, 0x00000000f63746c8, 0x00000000f6374800, 0x00000000f6550000)
 Metaspace       used 15554K, capacity 15784K, committed 16000K, reserved 1062912K
  class space    used 1772K, capacity 1876K, committed 1920K, reserved 1048576K
Event: 11.660 GC heap after
Heap after GC invocations=21 (full 0):
 def new generation   total 4928K, used 511K [0x00000000f0800000, 0x00000000f0d50000, 0x00000000f5aa0000)
  eden space 4416K,   0% used [0x00000000f0800000, 0x00000000f0800000, 0x00000000f0c50000)
  from space 512K,  99% used [0x00000000f0cd0000, 0x00000000f0d4fff8, 0x00000000f0d50000)
  to   space 512K,   0% used [0x00000000f0c50000, 0x00000000f0c50000, 0x00000000f0cd0000)
 tenured generation   total 10944K, used 10055K [0x00000000f5aa0000, 0x00000000f6550000, 0x0000000100000000)
   the space 10944K,  91% used [0x00000000f5aa0000, 0x00000000f6471c50, 0x00000000f6471e00, 0x00000000f6550000)
 Metaspace       used 15554K, capacity 15784K, committed 16000K, reserved 1062912K
  class space    used 1772K, capacity 1876K, committed 1920K, reserved 1048576K
}
Event: 11.741 GC heap before
{Heap before GC invocations=21 (full 0):
 def new generation   total 4928K, used 4927K [0x00000000f0800000, 0x00000000f0d50000, 0x00000000f5aa0000)
  eden space 4416K, 100% used [0x00000000f0800000, 0x00000000f0c50000, 0x00000000f0c50000)
  from space 512K,  99% used [0x00000000f0cd0000, 0x00000000f0d4fff8, 0x00000000f0d50000)
  to   space 512K,   0% used [0x00000000f0c50000, 0x00000000f0c50000, 0x00000000f0cd0000)
 tenured generation   total 10944K, used 10055K [0x00000000f5aa0000, 0x00000000f6550000, 0x0000000100000000)
   the space 10944K,  91% used [0x00000000f5aa0000, 0x00000000f6471c50, 0x00000000f6471e00, 0x00000000f6550000)
 Metaspace       used 15592K, capacity 15848K, committed 16000K, reserved 1062912K
  class space    used 1772K, capacity 1876K, committed 1920K, reserved 1048576K
Event: 11.778 GC heap after
Heap after GC invocations=22 (full 1):
 def new generation   total 6400K, used 0K [0x00000000f0800000, 0x00000000f0ef0000, 0x00000000f5aa0000)
  eden space 5696K,   0% used [0x00000000f0800000, 0x00000000f0800000, 0x00000000f0d90000)
  from space 704K,   0% used [0x00000000f0d90000, 0x00000000f0d90000, 0x00000000f0e40000)
  to   space 704K,   0% used [0x00000000f0e40000, 0x00000000f0e40000, 0x00000000f0ef0000)
 tenured generation   total 14196K, used 8516K [0x00000000f5aa0000, 0x00000000f687d000, 0x0000000100000000)
   the space 14196K,  59% used [0x00000000f5aa0000, 0x00000000f62f13f8, 0x00000000f62f1400, 0x00000000f687d000)
 Metaspace       used 15592K, capacity 15848K, committed 16000K, reserved 1062912K
  class space    used 1772K, capacity 1876K, committed 1920K, reserved 1048576K
}
Event: 12.826 GC heap before
{Heap before GC invocations=22 (full 1):
 def new generation   total 6400K, used 5696K [0x00000000f0800000, 0x00000000f0ef0000, 0x00000000f5aa0000)
  eden space 5696K, 100% used [0x00000000f0800000, 0x00000000f0d90000, 0x00000000f0d90000)
  from space 704K,   0% used [0x00000000f0d90000, 0x00000000f0d90000, 0x00000000f0e40000)
  to   space 704K,   0% used [0x00000000f0e40000, 0x00000000f0e40000, 0x00000000f0ef0000)
 tenured generation   total 14196K, used 8516K [0x00000000f5aa0000, 0x00000000f687d000, 0x0000000100000000)
   the space 14196K,  59% used [0x00000000f5aa0000, 0x00000000f62f13f8, 0x00000000f62f1400, 0x00000000f687d000)
 Metaspace       used 15700K, capacity 15912K, committed 16256K, reserved 1062912K
  class space    used 1780K, capacity 1876K, committed 1920K, reserved 1048576K
Event: 12.829 GC heap after
Heap after GC invocations=23 (full 1):
 def new generation   total 6400K, used 703K [0x00000000f0800000, 0x00000000f0ef0000, 0x00000000f5aa0000)
  eden space 5696K,   0% used [0x00000000f0800000, 0x00000000f0800000, 0x00000000f0d90000)
  from space 704K,  99% used [0x00000000f0e40000, 0x00000000f0eefff8, 0x00000000f0ef0000)
  to   space 704K,   0% used [0x00000000f0d90000, 0x00000000f0d90000, 0x00000000f0e40000)
 tenured generation   total 14196K, used 8695K [0x00000000f5aa0000, 0x00000000f687d000, 0x0000000100000000)
   the space 14196K,  61% used [0x00000000f5aa0000, 0x00000000f631de30, 0x00000000f631e000, 0x00000000f687d000)
 Metaspace       used 15700K, capacity 15912K, committed 16256K, reserved 1062912K
  class space    used 1780K, capacity 1876K, committed 1920K, reserved 1048576K
}
Event: 13.041 GC heap before
{Heap before GC invocations=23 (full 1):
 def new generation   total 6400K, used 6399K [0x00000000f0800000, 0x00000000f0ef0000, 0x00000000f5aa0000)
  eden space 5696K, 100% used [0x00000000f0800000, 0x00000000f0d90000, 0x00000000f0d90000)
  from space 704K,  99% used [0x00000000f0e40000, 0x00000000f0eefff8, 0x00000000f0ef0000)
  to   space 704K,   0% used [0x00000000f0d90000, 0x00000000f0d90000, 0x00000000f0e40000)
 tenured generation   total 14196K, used 8695K [0x00000000f5aa0000, 0x00000000f687d000, 0x0000000100000000)
   the space 14196K,  61% used [0x00000000f5aa0000, 0x00000000f631de30, 0x00000000f631e000, 0x00000000f687d000)
 Metaspace       used 15734K, capacity 15912K, committed 16256K, reserved 1062912K
  class space    used 1781K, capacity 1876K, committed 1920K, reserved 1048576K
Event: 13.045 GC heap after
Heap after GC invocations=24 (full 1):
 def new generation   total 6400K, used 704K [0x00000000f0800000, 0x00000000f0ef0000, 0x00000000f5aa0000)
  eden space 5696K,   0% used [0x00000000f0800000, 0x00000000f0800000, 0x00000000f0d90000)
  from space 704K, 100% used [0x00000000f0d90000, 0x00000000f0e40000, 0x00000000f0e40000)
  to   space 704K,   0% used [0x00000000f0e40000, 0x00000000f0e40000, 0x00000000f0ef0000)
 tenured generation   total 14196K, used 9646K [0x00000000f5aa0000, 0x00000000f687d000, 0x0000000100000000)
   the space 14196K,  67% used [0x00000000f5aa0000, 0x00000000f640b9e8, 0x00000000f640ba00, 0x00000000f687d000)
 Metaspace       used 15734K, capacity 15912K, committed 16256K, reserved 1062912K
  class space    used 1781K, capacity 1876K, committed 1920K, reserved 1048576K
}
Event: 13.170 GC heap before
{Heap before GC invocations=24 (full 1):
 def new generation   total 6400K, used 6400K [0x00000000f0800000, 0x00000000f0ef0000, 0x00000000f5aa0000)
  eden space 5696K, 100% used [0x00000000f0800000, 0x00000000f0d90000, 0x00000000f0d90000)
  from space 704K, 100% used [0x00000000f0d90000, 0x00000000f0e40000, 0x00000000f0e40000)
  to   space 704K,   0% used [0x00000000f0e40000, 0x00000000f0e40000, 0x00000000f0ef0000)
 tenured generation   total 14196K, used 9646K [0x00000000f5aa0000, 0x00000000f687d000, 0x0000000100000000)
   the space 14196K,  67% used [0x00000000f5aa0000, 0x00000000f640b9e8, 0x00000000f640ba00, 0x00000000f687d000)
 Metaspace       used 15832K, capacity 16040K, committed 16256K, reserved 1062912K
  class space    used 1792K, capacity 1876K, committed 1920K, reserved 1048576K
Event: 13.176 GC heap after
Heap after GC invocations=25 (full 1):
 def new generation   total 6400K, used 704K [0x00000000f0800000, 0x00000000f0ef0000, 0x00000000f5aa0000)
  eden space 5696K,   0% used [0x00000000f0800000, 0x00000000f0800000, 0x00000000f0d90000)
  from space 704K, 100% used [0x00000000f0e40000, 0x00000000f0ef0000, 0x00000000f0ef0000)
  to   space 704K,   0% used [0x00000000f0d90000, 0x00000000f0d90000, 0x00000000f0e40000)
 tenured generation   total 14196K, used 10525K [0x00000000f5aa0000, 0x00000000f687d000, 0x0000000100000000)
   the space 14196K,  74% used [0x00000000f5aa0000, 0x00000000f64e7720, 0x00000000f64e7800, 0x00000000f687d000)
 Metaspace       used 15832K, capacity 16040K, committed 16256K, reserved 1062912K
  class space    used 1792K, capacity 1876K, committed 1920K, reserved 1048576K
}
Event: 13.273 GC heap before
{Heap before GC invocations=25 (full 1):
 def new generation   total 6400K, used 6400K [0x00000000f0800000, 0x00000000f0ef0000, 0x00000000f5aa0000)
  eden space 5696K, 100% used [0x00000000f0800000, 0x00000000f0d90000, 0x00000000f0d90000)
  from space 704K, 100% used [0x00000000f0e40000, 0x00000000f0ef0000, 0x00000000f0ef0000)
  to   space 704K,   0% used [0x00000000f0d90000, 0x00000000f0d90000, 0x00000000f0e40000)
 tenured generation   total 14196K, used 10525K [0x00000000f5aa0000, 0x00000000f687d000, 0x0000000100000000)
   the space 14196K,  74% used [0x00000000f5aa0000, 0x00000000f64e7720, 0x00000000f64e7800, 0x00000000f687d000)
 Metaspace       used 15855K, capacity 16040K, committed 16256K, reserved 1062912K
  class space    used 1794K, capacity 1876K, committed 1920K, reserved 1048576K
Event: 13.278 GC heap after
Heap after GC invocations=26 (full 1):
 def new generation   total 6400K, used 703K [0x00000000f0800000, 0x00000000f0ef0000, 0x00000000f5aa0000)
  eden space 5696K,   0% used [0x00000000f0800000, 0x00000000f0800000, 0x00000000f0d90000)
  from space 704K,  99% used [0x00000000f0d90000, 0x00000000f0e3fff8, 0x00000000f0e40000)
  to   space 704K,   0% used [0x00000000f0e40000, 0x00000000f0e40000, 0x00000000f0ef0000)
 tenured generation   total 14196K, used 11680K [0x00000000f5aa0000, 0x00000000f687d000, 0x0000000100000000)
   the space 14196K,  82% used [0x00000000f5aa0000, 0x00000000f66081a0, 0x00000000f6608200, 0x00000000f687d000)
 Metaspace       used 15855K, capacity 16040K, committed 16256K, reserved 1062912K
  class space    used 1794K, capacity 1876K, committed 1920K, reserved 1048576K
}
Event: 13.387 GC heap before
{Heap before GC invocations=26 (full 1):
 def new generation   total 6400K, used 6399K [0x00000000f0800000, 0x00000000f0ef0000, 0x00000000f5aa0000)
  eden space 5696K, 100% used [0x00000000f0800000, 0x00000000f0d90000, 0x00000000f0d90000)
  from space 704K,  99% used [0x00000000f0d90000, 0x00000000f0e3fff8, 0x00000000f0e40000)
  to   space 704K,   0% used [0x00000000f0e40000, 0x00000000f0e40000, 0x00000000f0ef0000)
 tenured generation   total 14196K, used 11680K [0x00000000f5aa0000, 0x00000000f687d000, 0x0000000100000000)
   the space 14196K,  82% used [0x00000000f5aa0000, 0x00000000f66081a0, 0x00000000f6608200, 0x00000000f687d000)
 Metaspace       used 15884K, capacity 16040K, committed 16256K, reserved 1062912K
  class space    used 1794K, capacity 1876K, committed 1920K, reserved 1048576K
Event: 13.393 GC heap after
Heap after GC invocations=27 (full 1):
 def new generation   total 6400K, used 704K [0x00000000f0800000, 0x00000000f0ef0000, 0x00000000f5aa0000)
  eden space 5696K,   0% used [0x00000000f0800000, 0x00000000f0800000, 0x00000000f0d90000)
  from space 704K, 100% used [0x00000000f0e40000, 0x00000000f0ef0000, 0x00000000f0ef0000)
  to   space 704K,   0% used [0x00000000f0d90000, 0x00000000f0d90000, 0x00000000f0e40000)
 tenured generation   total 14196K, used 12520K [0x00000000f5aa0000, 0x00000000f687d000, 0x0000000100000000)
   the space 14196K,  88% used [0x00000000f5aa0000, 0x00000000f66da128, 0x00000000f66da200, 0x00000000f687d000)
 Metaspace       used 15884K, capacity 16040K, committed 16256K, reserved 1062912K
  class space    used 1794K, capacity 1876K, committed 1920K, reserved 1048576K
}
Event: 14.005 GC heap before
{Heap before GC invocations=27 (full 1):
 def new generation   total 6400K, used 6400K [0x00000000f0800000, 0x00000000f0ef0000, 0x00000000f5aa0000)
  eden space 5696K, 100% used [0x00000000f0800000, 0x00000000f0d90000, 0x00000000f0d90000)
  from space 704K, 100% used [0x00000000f0e40000, 0x00000000f0ef0000, 0x00000000f0ef0000)
  to   space 704K,   0% used [0x00000000f0d90000, 0x00000000f0d90000, 0x00000000f0e40000)
 tenured generation   total 14196K, used 12520K [0x00000000f5aa0000, 0x00000000f687d000, 0x0000000100000000)
   the space 14196K,  88% used [0x00000000f5aa0000, 0x00000000f66da128, 0x00000000f66da200, 0x00000000f687d000)
 Metaspace       used 15912K, capacity 16110K, committed 16256K, reserved 1062912K
  class space    used 1794K, capacity 1877K, committed 1920K, reserved 1048576K
Event: 14.008 GC heap after
Heap after GC invocations=28 (full 1):
 def new generation   total 6400K, used 673K [0x00000000f0800000, 0x00000000f0ef0000, 0x00000000f5aa0000)
  eden space 5696K,   0% used [0x00000000f0800000, 0x00000000f0800000, 0x00000000f0d90000)
  from space 704K,  95% used [0x00000000f0d90000, 0x00000000f0e38580, 0x00000000f0e40000)
  to   space 704K,   0% used [0x00000000f0e40000, 0x00000000f0e40000, 0x00000000f0ef0000)
 tenured generation   total 14196K, used 13101K [0x00000000f5aa0000, 0x00000000f687d000, 0x0000000100000000)
   the space 14196K,  92% used [0x00000000f5aa0000, 0x00000000f676b658, 0x00000000f676b800, 0x00000000f687d000)
 Metaspace       used 15912K, capacity 16110K, committed 16256K, reserved 1062912K
  class space    used 1794K, capacity 1877K, committed 1920K, reserved 1048576K
}
Event: 14.929 GC heap before
{Heap before GC invocations=28 (full 1):
 def new generation   total 6400K, used 6369K [0x00000000f0800000, 0x00000000f0ef0000, 0x00000000f5aa0000)
  eden space 5696K, 100% used [0x00000000f0800000, 0x00000000f0d90000, 0x00000000f0d90000)
  from space 704K,  95% used [0x00000000f0d90000, 0x00000000f0e38580, 0x00000000f0e40000)
  to   space 704K,   0% used [0x00000000f0e40000, 0x00000000f0e40000, 0x00000000f0ef0000)
 tenured generation   total 14196K, used 13101K [0x00000000f5aa0000, 0x00000000f687d000, 0x0000000100000000)
   the space 14196K,  92% used [0x00000000f5aa0000, 0x00000000f676b658, 0x00000000f676b800, 0x00000000f687d000)
 Metaspace       used 15957K, capacity 16180K, committed 16512K, reserved 1064960K
  class space    used 1796K, capacity 1878K, committed 1920K, reserved 1048576K
Event: 14.933 GC heap after
Heap after GC invocations=29 (full 1):
 def new generation   total 6400K, used 704K [0x00000000f0800000, 0x00000000f0ef0000, 0x00000000f5aa0000)
  eden space 5696K,   0% used [0x00000000f0800000, 0x00000000f0800000, 0x00000000f0d90000)
  from space 704K, 100% used [0x00000000f0e40000, 0x00000000f0ef0000, 0x00000000f0ef0000)
  to   space 704K,   0% used [0x00000000f0d90000, 0x00000000f0d90000, 0x00000000f0e40000)
 tenured generation   total 14196K, used 13650K [0x00000000f5aa0000, 0x00000000f687d000, 0x0000000100000000)
   the space 14196K,  96% used [0x00000000f5aa0000, 0x00000000f67f4bc0, 0x00000000f67f4c00, 0x00000000f687d000)
 Metaspace       used 15957K, capacity 16180K, committed 16512K, reserved 1064960K
  class space    used 1796K, capacity 1878K, committed 1920K, reserved 1048576K
}
Event: 15.066 GC heap before
{Heap before GC invocations=29 (full 1):
 def new generation   total 6400K, used 6400K [0x00000000f0800000, 0x00000000f0ef0000, 0x00000000f5aa0000)
  eden space 5696K, 100% used [0x00000000f0800000, 0x00000000f0d90000, 0x00000000f0d90000)
  from space 704K, 100% used [0x00000000f0e40000, 0x00000000f0ef0000, 0x00000000f0ef0000)
  to   space 704K,   0% used [0x00000000f0d90000, 0x00000000f0d90000, 0x00000000f0e40000)
 tenured generation   total 14196K, used 13650K [0x00000000f5aa0000, 0x00000000f687d000, 0x0000000100000000)
   the space 14196K,  96% used [0x00000000f5aa0000, 0x00000000f67f4bc0, 0x00000000f67f4c00, 0x00000000f687d000)
 Metaspace       used 15985K, capacity 16192K, committed 16512K, reserved 1064960K
  class space    used 1797K, capacity 1880K, committed 1920K, reserved 1048576K
Event: 15.156 GC heap after
Heap after GC invocations=30 (full 2):
 def new generation   total 9920K, used 0K [0x00000000f0800000, 0x00000000f12c0000, 0x00000000f5aa0000)
  eden space 8832K,   0% used [0x00000000f0800000, 0x00000000f0800000, 0x00000000f10a0000)
  from space 1088K,   0% used [0x00000000f10a0000, 0x00000000f10a0000, 0x00000000f11b0000)
  to   space 1088K,   0% used [0x00000000f11b0000, 0x00000000f11b0000, 0x00000000f12c0000)
 tenured generation   total 21948K, used 13167K [0x00000000f5aa0000, 0x00000000f700f000, 0x0000000100000000)
   the space 21948K,  59% used [0x00000000f5aa0000, 0x00000000f677bcb0, 0x00000000f677be00, 0x00000000f700f000)
 Metaspace       used 15985K, capacity 16192K, committed 16512K, reserved 1064960K
  class space    used 1797K, capacity 1880K, committed 1920K, reserved 1048576K
}
Event: 15.393 GC heap before
{Heap before GC invocations=30 (full 2):
 def new generation   total 9920K, used 8832K [0x00000000f0800000, 0x00000000f12c0000, 0x00000000f5aa0000)
  eden space 8832K, 100% used [0x00000000f0800000, 0x00000000f10a0000, 0x00000000f10a0000)
  from space 1088K,   0% used [0x00000000f10a0000, 0x00000000f10a0000, 0x00000000f11b0000)
  to   space 1088K,   0% used [0x00000000f11b0000, 0x00000000f11b0000, 0x00000000f12c0000)
 tenured generation   total 21948K, used 13167K [0x00000000f5aa0000, 0x00000000f700f000, 0x0000000100000000)
   the space 21948K,  59% used [0x00000000f5aa0000, 0x00000000f677bcb0, 0x00000000f677be00, 0x00000000f700f000)
 Metaspace       used 16100K, capacity 16326K, committed 16512K, reserved 1064960K
  class space    used 1798K, capacity 1881K, committed 1920K, reserved 1048576K
Event: 15.397 GC heap after
Heap after GC invocations=31 (full 2):
 def new generation   total 9920K, used 1088K [0x00000000f0800000, 0x00000000f12c0000, 0x00000000f5aa0000)
  eden space 8832K,   0% used [0x00000000f0800000, 0x00000000f0800000, 0x00000000f10a0000)
  from space 1088K, 100% used [0x00000000f11b0000, 0x00000000f12c0000, 0x00000000f12c0000)
  to   space 1088K,   0% used [0x00000000f10a0000, 0x00000000f10a0000, 0x00000000f11b0000)
 tenured generation   total 21948K, used 13237K [0x00000000f5aa0000, 0x00000000f700f000, 0x0000000100000000)
   the space 21948K,  60% used [0x00000000f5aa0000, 0x00000000f678d468, 0x00000000f678d600, 0x00000000f700f000)
 Metaspace       used 16100K, capacity 16326K, committed 16512K, reserved 1064960K
  class space    used 1798K, capacity 1881K, committed 1920K, reserved 1048576K
}
Event: 16.519 GC heap before
{Heap before GC invocations=31 (full 2):
 def new generation   total 9920K, used 9920K [0x00000000f0800000, 0x00000000f12c0000, 0x00000000f5aa0000)
  eden space 8832K, 100% used [0x00000000f0800000, 0x00000000f10a0000, 0x00000000f10a0000)
  from space 1088K, 100% used [0x00000000f11b0000, 0x00000000f12c0000, 0x00000000f12c0000)
  to   space 1088K,   0% used [0x00000000f10a0000, 0x00000000f10a0000, 0x00000000f11b0000)
 tenured generation   total 21948K, used 13237K [0x00000000f5aa0000, 0x00000000f700f000, 0x0000000100000000)
   the space 21948K,  60% used [0x00000000f5aa0000, 0x00000000f678d468, 0x00000000f678d600, 0x00000000f700f000)
 Metaspace       used 16152K, capacity 16332K, committed 16512K, reserved 1064960K
  class space    used 1799K, capacity 1882K, committed 1920K, reserved 1048576K
Event: 16.528 GC heap after
Heap after GC invocations=32 (full 2):
 def new generation   total 9920K, used 1088K [0x00000000f0800000, 0x00000000f12c0000, 0x00000000f5aa0000)
  eden space 8832K,   0% used [0x00000000f0800000, 0x00000000f0800000, 0x00000000f10a0000)
  from space 1088K, 100% used [0x00000000f10a0000, 0x00000000f11b0000, 0x00000000f11b0000)
  to   space 1088K,   0% used [0x00000000f11b0000, 0x00000000f11b0000, 0x00000000f12c0000)
 tenured generation   total 21948K, used 14351K [0x00000000f5aa0000, 0x00000000f700f000, 0x0000000100000000)
   the space 21948K,  65% used [0x00000000f5aa0000, 0x00000000f68a3cc8, 0x00000000f68a3e00, 0x00000000f700f000)
 Metaspace       used 16152K, capacity 16332K, committed 16512K, reserved 1064960K
  class space    used 1799K, capacity 1882K, committed 1920K, reserved 1048576K
}
Event: 16.890 GC heap before
{Heap before GC invocations=32 (full 2):
 def new generation   total 9920K, used 9920K [0x00000000f0800000, 0x00000000f12c0000, 0x00000000f5aa0000)
  eden space 8832K, 100% used [0x00000000f0800000, 0x00000000f10a0000, 0x00000000f10a0000)
  from space 1088K, 100% used [0x00000000f10a0000, 0x00000000f11b0000, 0x00000000f11b0000)
  to   space 1088K,   0% used [0x00000000f11b0000, 0x00000000f11b0000, 0x00000000f12c0000)
 tenured generation   total 21948K, used 14351K [0x00000000f5aa0000, 0x00000000f700f000, 0x0000000100000000)
   the space 21948K,  65% used [0x00000000f5aa0000, 0x00000000f68a3cc8, 0x00000000f68a3e00, 0x00000000f700f000)
 Metaspace       used 16363K, capacity 16620K, committed 16768K, reserved 1064960K
  class space    used 1814K, capacity 1914K, committed 1920K, reserved 1048576K
Event: 16.898 GC heap after
Heap after GC invocations=33 (full 2):
 def new generation   total 9920K, used 726K [0x00000000f0800000, 0x00000000f12c0000, 0x00000000f5aa0000)
  eden space 8832K,   0% used [0x00000000f0800000, 0x00000000f0800000, 0x00000000f10a0000)
  from space 1088K,  66% used [0x00000000f11b0000, 0x00000000f1265a30, 0x00000000f12c0000)
  to   space 1088K,   0% used [0x00000000f10a0000, 0x00000000f10a0000, 0x00000000f11b0000)
 tenured generation   total 21948K, used 15424K [0x00000000f5aa0000, 0x00000000f700f000, 0x0000000100000000)
   the space 21948K,  70% used [0x00000000f5aa0000, 0x00000000f69b0150, 0x00000000f69b0200, 0x00000000f700f000)
 Metaspace       used 16363K, capacity 16620K, committed 16768K, reserved 1064960K
  class space    used 1814K, capacity 1914K, committed 1920K, reserved 1048576K
}
Event: 17.512 GC heap before
{Heap before GC invocations=33 (full 2):
 def new generation   total 9920K, used 9558K [0x00000000f0800000, 0x00000000f12c0000, 0x00000000f5aa0000)
  eden space 8832K, 100% used [0x00000000f0800000, 0x00000000f10a0000, 0x00000000f10a0000)
  from space 1088K,  66% used [0x00000000f11b0000, 0x00000000f1265a30, 0x00000000f12c0000)
  to   space 1088K,   0% used [0x00000000f10a0000, 0x00000000f10a0000, 0x00000000f11b0000)
 tenured generation   total 21948K, used 15424K [0x00000000f5aa0000, 0x00000000f700f000, 0x0000000100000000)
   the space 21948K,  70% used [0x00000000f5aa0000, 0x00000000f69b0150, 0x00000000f69b0200, 0x00000000f700f000)
 Metaspace       used 16477K, capacity 16702K, committed 17024K, reserved 1064960K
  class space    used 1826K, capacity 1916K, committed 1920K, reserved 1048576K
Event: 17.516 GC heap after
Heap after GC invocations=34 (full 2):
 def new generation   total 9920K, used 739K [0x00000000f0800000, 0x00000000f12c0000, 0x00000000f5aa0000)
  eden space 8832K,   0% used [0x00000000f0800000, 0x00000000f0800000, 0x00000000f10a0000)
  from space 1088K,  67% used [0x00000000f10a0000, 0x00000000f1158d88, 0x00000000f11b0000)
  to   space 1088K,   0% used [0x00000000f11b0000, 0x00000000f11b0000, 0x00000000f12c0000)
 tenured generation   total 21948K, used 15802K [0x00000000f5aa0000, 0x00000000f700f000, 0x0000000100000000)
   the space 21948K,  72% used [0x00000000f5aa0000, 0x00000000f6a0eb10, 0x00000000f6a0ec00, 0x00000000f700f000)
 Metaspace       used 16477K, capacity 16702K, committed 17024K, reserved 1064960K
  class space    used 1826K, capacity 1916K, committed 1920K, reserved 1048576K
}
Event: 17.963 GC heap before
{Heap before GC invocations=34 (full 2):
 def new generation   total 9920K, used 9571K [0x00000000f0800000, 0x00000000f12c0000, 0x00000000f5aa0000)
  eden space 8832K, 100% used [0x00000000f0800000, 0x00000000f10a0000, 0x00000000f10a0000)
  from space 1088K,  67% used [0x00000000f10a0000, 0x00000000f1158d88, 0x00000000f11b0000)
  to   space 1088K,   0% used [0x00000000f11b0000, 0x00000000f11b0000, 0x00000000f12c0000)
 tenured generation   total 21948K, used 15802K [0x00000000f5aa0000, 0x00000000f700f000, 0x0000000100000000)
   the space 21948K,  72% used [0x00000000f5aa0000, 0x00000000f6a0eb10, 0x00000000f6a0ec00, 0x00000000f700f000)
 Metaspace       used 17119K, capacity 17412K, committed 17664K, reserved 1064960K
  class space    used 1900K, capacity 1986K, committed 2048K, reserved 1048576K
Event: 17.968 GC heap after
Heap after GC invocations=35 (full 2):
 def new generation   total 9920K, used 769K [0x00000000f0800000, 0x00000000f12c0000, 0x00000000f5aa0000)
  eden space 8832K,   0% used [0x00000000f0800000, 0x00000000f0800000, 0x00000000f10a0000)
  from space 1088K,  70% used [0x00000000f11b0000, 0x00000000f1270548, 0x00000000f12c0000)
  to   space 1088K,   0% used [0x00000000f10a0000, 0x00000000f10a0000, 0x00000000f11b0000)
 tenured generation   total 21948K, used 16397K [0x00000000f5aa0000, 0x00000000f700f000, 0x0000000100000000)
   the space 21948K,  74% used [0x00000000f5aa0000, 0x00000000f6aa3778, 0x00000000f6aa3800, 0x00000000f700f000)
 Metaspace       used 17119K, capacity 17412K, committed 17664K, reserved 1064960K
  class space    used 1900K, capacity 1986K, committed 2048K, reserved 1048576K
}
Event: 18.734 GC heap before
{Heap before GC invocations=35 (full 2):
 def new generation   total 9920K, used 9601K [0x00000000f0800000, 0x00000000f12c0000, 0x00000000f5aa0000)
  eden space 8832K, 100% used [0x00000000f0800000, 0x00000000f10a0000, 0x00000000f10a0000)
  from space 1088K,  70% used [0x00000000f11b0000, 0x00000000f1270548, 0x00000000f12c0000)
  to   space 1088K,   0% used [0x00000000f10a0000, 0x00000000f10a0000, 0x00000000f11b0000)
 tenured generation   total 21948K, used 16397K [0x00000000f5aa0000, 0x00000000f700f000, 0x0000000100000000)
   the space 21948K,  74% used [0x00000000f5aa0000, 0x00000000f6aa3778, 0x00000000f6aa3800, 0x00000000f700f000)
 Metaspace       used 17293K, capacity 17704K, committed 17920K, reserved 1064960K
  class space    used 1910K, capacity 1996K, committed 2048K, reserved 1048576K
Event: 18.739 GC heap after
Heap after GC invocations=36 (full 2):
 def new generation   total 9920K, used 665K [0x00000000f0800000, 0x00000000f12c0000, 0x00000000f5aa0000)
  eden space 8832K,   0% used [0x00000000f0800000, 0x00000000f0800000, 0x00000000f10a0000)
  from space 1088K,  61% used [0x00000000f10a0000, 0x00000000f11467b8, 0x00000000f11b0000)
  to   space 1088K,   0% used [0x00000000f11b0000, 0x00000000f11b0000, 0x00000000f12c0000)
 tenured generation   total 21948K, used 16804K [0x00000000f5aa0000, 0x00000000f700f000, 0x0000000100000000)
   the space 21948K,  76% used [0x00000000f5aa0000, 0x00000000f6b09300, 0x00000000f6b09400, 0x00000000f700f000)
 Metaspace       used 17293K, capacity 17704K, committed 17920K, reserved 1064960K
  class space    used 1910K, capacity 1996K, committed 2048K, reserved 1048576K
}
Event: 19.656 GC heap before
{Heap before GC invocations=36 (full 2):
 def new generation   total 9920K, used 9497K [0x00000000f0800000, 0x00000000f12c0000, 0x00000000f5aa0000)
  eden space 8832K, 100% used [0x00000000f0800000, 0x00000000f10a0000, 0x00000000f10a0000)
  from space 1088K,  61% used [0x00000000f10a0000, 0x00000000f11467b8, 0x00000000f11b0000)
  to   space 1088K,   0% used [0x00000000f11b0000, 0x00000000f11b0000, 0x00000000f12c0000)
 tenured generation   total 21948K, used 16804K [0x00000000f5aa0000, 0x00000000f700f000, 0x0000000100000000)
   the space 21948K,  76% used [0x00000000f5aa0000, 0x00000000f6b09300, 0x00000000f6b09400, 0x00000000f700f000)
 Metaspace       used 17793K, capacity 18184K, committed 18560K, reserved 1064960K
  class space    used 1951K, capacity 2092K, committed 2176K, reserved 1048576K
Event: 19.660 GC heap after
Heap after GC invocations=37 (full 2):
 def new generation   total 9920K, used 928K [0x00000000f0800000, 0x00000000f12c0000, 0x00000000f5aa0000)
  eden space 8832K,   0% used [0x00000000f0800000, 0x00000000f0800000, 0x00000000f10a0000)
  from space 1088K,  85% used [0x00000000f11b0000, 0x00000000f1298248, 0x00000000f12c0000)
  to   space 1088K,   0% used [0x00000000f10a0000, 0x00000000f10a0000, 0x00000000f11b0000)
 tenured generation   total 21948K, used 17269K [0x00000000f5aa0000, 0x00000000f700f000, 0x0000000100000000)
   the space 21948K,  78% used [0x00000000f5aa0000, 0x00000000f6b7d720, 0x00000000f6b7d800, 0x00000000f700f000)
 Metaspace       used 17793K, capacity 18184K, committed 18560K, reserved 1064960K
  class space    used 1951K, capacity 2092K, committed 2176K, reserved 1048576K
}
Event: 19.816 GC heap before
{Heap before GC invocations=37 (full 2):
 def new generation   total 9920K, used 9760K [0x00000000f0800000, 0x00000000f12c0000, 0x00000000f5aa0000)
  eden space 8832K, 100% used [0x00000000f0800000, 0x00000000f10a0000, 0x00000000f10a0000)
  from space 1088K,  85% used [0x00000000f11b0000, 0x00000000f1298248, 0x00000000f12c0000)
  to   space 1088K,   0% used [0x00000000f10a0000, 0x00000000f10a0000, 0x00000000f11b0000)
 tenured generation   total 21948K, used 17269K [0x00000000f5aa0000, 0x00000000f700f000, 0x0000000100000000)
   the space 21948K,  78% used [0x00000000f5aa0000, 0x00000000f6b7d720, 0x00000000f6b7d800, 0x00000000f700f000)
 Metaspace       used 17848K, capacity 18318K, committed 18560K, reserved 1064960K
  class space    used 1951K, capacity 2093K, committed 2176K, reserved 1048576K
Event: 19.820 GC heap after
Heap after GC invocations=38 (full 2):
 def new generation   total 9920K, used 361K [0x00000000f0800000, 0x00000000f12c0000, 0x00000000f5aa0000)
  eden space 8832K,   0% used [0x00000000f0800000, 0x00000000f0800000, 0x00000000f10a0000)
  from space 1088K,  33% used [0x00000000f10a0000, 0x00000000f10fa6b0, 0x00000000f11b0000)
  to   space 1088K,   0% used [0x00000000f11b0000, 0x00000000f11b0000, 0x00000000f12c0000)
 tenured generation   total 21948K, used 17799K [0x00000000f5aa0000, 0x00000000f700f000, 0x0000000100000000)
   the space 21948K,  81% used [0x00000000f5aa0000, 0x00000000f6c01f28, 0x00000000f6c02000, 0x00000000f700f000)
 Metaspace       used 17848K, capacity 18318K, committed 18560K, reserved 1064960K
  class space    used 1951K, capacity 2093K, committed 2176K, reserved 1048576K
}
Event: 21.067 GC heap before
{Heap before GC invocations=38 (full 2):
 def new generation   total 9920K, used 9193K [0x00000000f0800000, 0x00000000f12c0000, 0x00000000f5aa0000)
  eden space 8832K, 100% used [0x00000000f0800000, 0x00000000f10a0000, 0x00000000f10a0000)
  from space 1088K,  33% used [0x00000000f10a0000, 0x00000000f10fa6b0, 0x00000000f11b0000)
  to   space 1088K,   0% used [0x00000000f11b0000, 0x00000000f11b0000, 0x00000000f12c0000)
 tenured generation   total 21948K, used 17799K [0x00000000f5aa0000, 0x00000000f700f000, 0x0000000100000000)
   the space 21948K,  81% used [0x00000000f5aa0000, 0x00000000f6c01f28, 0x00000000f6c02000, 0x00000000f700f000)
 Metaspace       used 19023K, capacity 19410K, committed 19712K, reserved 1067008K
  class space    used 2082K, capacity 2205K, committed 2304K, reserved 1048576K
Event: 21.168 GC heap after
Heap after GC invocations=39 (full 2):
 def new generation   total 9920K, used 1087K [0x00000000f0800000, 0x00000000f12c0000, 0x00000000f5aa0000)
  eden space 8832K,   0% used [0x00000000f0800000, 0x00000000f0800000, 0x00000000f10a0000)
  from space 1088K,  99% used [0x00000000f11b0000, 0x00000000f12bfff8, 0x00000000f12c0000)
  to   space 1088K,   0% used [0x00000000f10a0000, 0x00000000f10a0000, 0x00000000f11b0000)
 tenured generation   total 21948K, used 18020K [0x00000000f5aa0000, 0x00000000f700f000, 0x0000000100000000)
   the space 21948K,  82% used [0x00000000f5aa0000, 0x00000000f6c392f0, 0x00000000f6c39400, 0x00000000f700f000)
 Metaspace       used 19023K, capacity 19410K, committed 19712K, reserved 1067008K
  class space    used 2082K, capacity 2205K, committed 2304K, reserved 1048576K
}
Event: 52.309 GC heap before
{Heap before GC invocations=39 (full 2):
 def new generation   total 9920K, used 9913K [0x00000000f0800000, 0x00000000f12c0000, 0x00000000f5aa0000)
  eden space 8832K,  99% used [0x00000000f0800000, 0x00000000f109e7d8, 0x00000000f10a0000)
  from space 1088K,  99% used [0x00000000f11b0000, 0x00000000f12bfff8, 0x00000000f12c0000)
  to   space 1088K,   0% used [0x00000000f10a0000, 0x00000000f10a0000, 0x00000000f11b0000)
 tenured generation   total 21948K, used 18020K [0x00000000f5aa0000, 0x00000000f700f000, 0x0000000100000000)
   the space 21948K,  82% used [0x00000000f5aa0000, 0x00000000f6c392f0, 0x00000000f6c39400, 0x00000000f700f000)
 Metaspace       used 21516K, capacity 22002K, committed 22272K, reserved 1069056K
  class space    used 2411K, capacity 2557K, committed 2560K, reserved 1048576K
Event: 52.428 GC heap after
Heap after GC invocations=40 (full 2):
 def new generation   total 9920K, used 755K [0x00000000f0800000, 0x00000000f12c0000, 0x00000000f5aa0000)
  eden space 8832K,   0% used [0x00000000f0800000, 0x00000000f0800000, 0x00000000f10a0000)
  from space 1088K,  69% used [0x00000000f10a0000, 0x00000000f115cc68, 0x00000000f11b0000)
  to   space 1088K,   0% used [0x00000000f11b0000, 0x00000000f11b0000, 0x00000000f12c0000)
 tenured generation   total 21948K, used 18776K [0x00000000f5aa0000, 0x00000000f700f000, 0x0000000100000000)
   the space 21948K,  85% used [0x00000000f5aa0000, 0x00000000f6cf6300, 0x00000000f6cf6400, 0x00000000f700f000)
 Metaspace       used 21516K, capacity 22002K, committed 22272K, reserved 1069056K
  class space    used 2411K, capacity 2557K, committed 2560K, reserved 1048576K
}
Event: 54.423 GC heap before
{Heap before GC invocations=40 (full 2):
 def new generation   total 9920K, used 9569K [0x00000000f0800000, 0x00000000f12c0000, 0x00000000f5aa0000)
  eden space 8832K,  99% used [0x00000000f0800000, 0x00000000f109b8b8, 0x00000000f10a0000)
  from space 1088K,  69% used [0x00000000f10a0000, 0x00000000f115cc68, 0x00000000f11b0000)
  to   space 1088K,   0% used [0x00000000f11b0000, 0x00000000f11b0000, 0x00000000f12c0000)
 tenured generation   total 21948K, used 18776K [0x00000000f5aa0000, 0x00000000f700f000, 0x0000000100000000)
   the space 21948K,  85% used [0x00000000f5aa0000, 0x00000000f6cf6300, 0x00000000f6cf6400, 0x00000000f700f000)
 Metaspace       used 22711K, capacity 23186K, committed 23424K, reserved 1071104K
  class space    used 2511K, capacity 2653K, committed 2688K, reserved 1048576K
Event: 54.435 GC heap after
Heap after GC invocations=41 (full 2):
 def new generation   total 9920K, used 1088K [0x00000000f0800000, 0x00000000f12c0000, 0x00000000f5aa0000)
  eden space 8832K,   0% used [0x00000000f0800000, 0x00000000f0800000, 0x00000000f10a0000)
  from space 1088K, 100% used [0x00000000f11b0000, 0x00000000f12c0000, 0x00000000f12c0000)
  to   space 1088K,   0% used [0x00000000f10a0000, 0x00000000f10a0000, 0x00000000f11b0000)
 tenured generation   total 21948K, used 20040K [0x00000000f5aa0000, 0x00000000f700f000, 0x0000000100000000)
   the space 21948K,  91% used [0x00000000f5aa0000, 0x00000000f6e32210, 0x00000000f6e32400, 0x00000000f700f000)
 Metaspace       used 22711K, capacity 23186K, committed 23424K, reserved 1071104K
  class space    used 2511K, capacity 2653K, committed 2688K, reserved 1048576K
}
Event: 54.926 GC heap before
{Heap before GC invocations=41 (full 2):
 def new generation   total 9920K, used 9920K [0x00000000f0800000, 0x00000000f12c0000, 0x00000000f5aa0000)
  eden space 8832K, 100% used [0x00000000f0800000, 0x00000000f10a0000, 0x00000000f10a0000)
  from space 1088K, 100% used [0x00000000f11b0000, 0x00000000f12c0000, 0x00000000f12c0000)
  to   space 1088K,   0% used [0x00000000f10a0000, 0x00000000f10a0000, 0x00000000f11b0000)
 tenured generation   total 21948K, used 20040K [0x00000000f5aa0000, 0x00000000f700f000, 0x0000000100000000)
   the space 21948K,  91% used [0x00000000f5aa0000, 0x00000000f6e32210, 0x00000000f6e32400, 0x00000000f700f000)
 Metaspace       used 22729K, capacity 23186K, committed 23424K, reserved 1071104K
  class space    used 2512K, capacity 2653K, committed 2688K, reserved 1048576K
Event: 55.262 GC heap after
Heap after GC invocations=42 (full 3):
 def new generation   total 17984K, used 0K [0x00000000f0800000, 0x00000000f1b80000, 0x00000000f5aa0000)
  eden space 16000K,   0% used [0x00000000f0800000, 0x00000000f0800000, 0x00000000f17a0000)
  from space 1984K,   0% used [0x00000000f17a0000, 0x00000000f17a0000, 0x00000000f1990000)
  to   space 1984K,   0% used [0x00000000f1990000, 0x00000000f1990000, 0x00000000f1b80000)
 tenured generation   total 39832K, used 23899K [0x00000000f5aa0000, 0x00000000f8186000, 0x0000000100000000)
   the space 39832K,  59% used [0x00000000f5aa0000, 0x00000000f71f6c78, 0x00000000f71f6e00, 0x00000000f8186000)
 Metaspace       used 22729K, capacity 23186K, committed 23424K, reserved 1071104K
  class space    used 2512K, capacity 2653K, committed 2688K, reserved 1048576K
}
Event: 56.224 GC heap before
{Heap before GC invocations=42 (full 3):
 def new generation   total 17984K, used 16000K [0x00000000f0800000, 0x00000000f1b80000, 0x00000000f5aa0000)
  eden space 16000K, 100% used [0x00000000f0800000, 0x00000000f17a0000, 0x00000000f17a0000)
  from space 1984K,   0% used [0x00000000f17a0000, 0x00000000f17a0000, 0x00000000f1990000)
  to   space 1984K,   0% used [0x00000000f1990000, 0x00000000f1990000, 0x00000000f1b80000)
 tenured generation   total 39832K, used 23899K [0x00000000f5aa0000, 0x00000000f8186000, 0x0000000100000000)
   the space 39832K,  59% used [0x00000000f5aa0000, 0x00000000f71f6c78, 0x00000000f71f6e00, 0x00000000f8186000)
 Metaspace       used 23083K, capacity 23538K, committed 23680K, reserved 1071104K
  class space    used 2528K, capacity 2685K, committed 2688K, reserved 1048576K
Event: 56.243 GC heap after
Heap after GC invocations=43 (full 3):
 def new generation   total 17984K, used 1983K [0x00000000f0800000, 0x00000000f1b80000, 0x00000000f5aa0000)
  eden space 16000K,   0% used [0x00000000f0800000, 0x00000000f0800000, 0x00000000f17a0000)
  from space 1984K,  99% used [0x00000000f1990000, 0x00000000f1b7fff8, 0x00000000f1b80000)
  to   space 1984K,   0% used [0x00000000f17a0000, 0x00000000f17a0000, 0x00000000f1990000)
 tenured generation   total 39832K, used 25815K [0x00000000f5aa0000, 0x00000000f8186000, 0x0000000100000000)
   the space 39832K,  64% used [0x00000000f5aa0000, 0x00000000f73d5c40, 0x00000000f73d5e00, 0x00000000f8186000)
 Metaspace       used 23083K, capacity 23538K, committed 23680K, reserved 1071104K
  class space    used 2528K, capacity 2685K, committed 2688K, reserved 1048576K
}
Event: 61.521 GC heap before
{Heap before GC invocations=43 (full 3):
 def new generation   total 17984K, used 17983K [0x00000000f0800000, 0x00000000f1b80000, 0x00000000f5aa0000)
  eden space 16000K, 100% used [0x00000000f0800000, 0x00000000f17a0000, 0x00000000f17a0000)
  from space 1984K,  99% used [0x00000000f1990000, 0x00000000f1b7fff8, 0x00000000f1b80000)
  to   space 1984K,   0% used [0x00000000f17a0000, 0x00000000f17a0000, 0x00000000f1990000)
 tenured generation   total 39832K, used 25815K [0x00000000f5aa0000, 0x00000000f8186000, 0x0000000100000000)
   the space 39832K,  64% used [0x00000000f5aa0000, 0x00000000f73d5c40, 0x00000000f73d5e00, 0x00000000f8186000)
 Metaspace       used 24390K, capacity 24984K, committed 25216K, reserved 1071104K
  class space    used 2654K, capacity 2846K, committed 2944K, reserved 1048576K
Event: 61.682 GC heap after
Heap after GC invocations=44 (full 3):
 def new generation   total 17984K, used 1558K [0x00000000f0800000, 0x00000000f1b80000, 0x00000000f5aa0000)
  eden space 16000K,   0% used [0x00000000f0800000, 0x00000000f0800000, 0x00000000f17a0000)
  from space 1984K,  78% used [0x00000000f17a0000, 0x00000000f1925ac8, 0x00000000f1990000)
  to   space 1984K,   0% used [0x00000000f1990000, 0x00000000f1990000, 0x00000000f1b80000)
 tenured generation   total 39832K, used 27783K [0x00000000f5aa0000, 0x00000000f8186000, 0x0000000100000000)
   the space 39832K,  69% used [0x00000000f5aa0000, 0x00000000f75c1d88, 0x00000000f75c1e00, 0x00000000f8186000)
 Metaspace       used 24390K, capacity 24984K, committed 25216K, reserved 1071104K
  class space    used 2654K, capacity 2846K, committed 2944K, reserved 1048576K
}
Event: 115.332 GC heap before
{Heap before GC invocations=44 (full 3):
 def new generation   total 17984K, used 17558K [0x00000000f0800000, 0x00000000f1b80000, 0x00000000f5aa0000)
  eden space 16000K, 100% used [0x00000000f0800000, 0x00000000f17a0000, 0x00000000f17a0000)
  from space 1984K,  78% used [0x00000000f17a0000, 0x00000000f1925ac8, 0x00000000f1990000)
  to   space 1984K,   0% used [0x00000000f1990000, 0x00000000f1990000, 0x00000000f1b80000)
 tenured generation   total 39832K, used 27783K [0x00000000f5aa0000, 0x00000000f8186000, 0x0000000100000000)
   the space 39832K,  69% used [0x00000000f5aa0000, 0x00000000f75c1d88, 0x00000000f75c1e00, 0x00000000f8186000)
 Metaspace       used 25114K, capacity 25712K, committed 25984K, reserved 1073152K
  class space    used 2714K, capacity 2913K, committed 2944K, reserved 1048576K
Event: 116.957 GC heap after
Heap after GC invocations=45 (full 3):
 def new generation   total 17984K, used 1293K [0x00000000f0800000, 0x00000000f1b80000, 0x00000000f5aa0000)
  eden space 16000K,   0% used [0x00000000f0800000, 0x00000000f0800000, 0x00000000f17a0000)
  from space 1984K,  65% used [0x00000000f1990000, 0x00000000f1ad3698, 0x00000000f1b80000)
  to   space 1984K,   0% used [0x00000000f17a0000, 0x00000000f17a0000, 0x00000000f1990000)
 tenured generation   total 39832K, used 29027K [0x00000000f5aa0000, 0x00000000f8186000, 0x0000000100000000)
   the space 39832K,  72% used [0x00000000f5aa0000, 0x00000000f76f8c78, 0x00000000f76f8e00, 0x00000000f8186000)
 Metaspace       used 25114K, capacity 25712K, committed 25984K, reserved 1073152K
  class space    used 2714K, capacity 2913K, committed 2944K, reserved 1048576K
}
Event: 122.832 GC heap before
{Heap before GC invocations=45 (full 3):
 def new generation   total 17984K, used 17293K [0x00000000f0800000, 0x00000000f1b80000, 0x00000000f5aa0000)
  eden space 16000K, 100% used [0x00000000f0800000, 0x00000000f17a0000, 0x00000000f17a0000)
  from space 1984K,  65% used [0x00000000f1990000, 0x00000000f1ad3698, 0x00000000f1b80000)
  to   space 1984K,   0% used [0x00000000f17a0000, 0x00000000f17a0000, 0x00000000f1990000)
 tenured generation   total 39832K, used 29027K [0x00000000f5aa0000, 0x00000000f8186000, 0x0000000100000000)
   the space 39832K,  72% used [0x00000000f5aa0000, 0x00000000f76f8c78, 0x00000000f76f8e00, 0x00000000f8186000)
 Metaspace       used 25372K, capacity 26044K, committed 26368K, reserved 1073152K
  class space    used 2754K, capacity 2959K, committed 3072K, reserved 1048576K
Event: 122.846 GC heap after
Heap after GC invocations=46 (full 3):
 def new generation   total 17984K, used 1311K [0x00000000f0800000, 0x00000000f1b80000, 0x00000000f5aa0000)
  eden space 16000K,   0% used [0x00000000f0800000, 0x00000000f0800000, 0x00000000f17a0000)
  from space 1984K,  66% used [0x00000000f17a0000, 0x00000000f18e7ec0, 0x00000000f1990000)
  to   space 1984K,   0% used [0x00000000f1990000, 0x00000000f1990000, 0x00000000f1b80000)
 tenured generation   total 39832K, used 29675K [0x00000000f5aa0000, 0x00000000f8186000, 0x0000000100000000)
   the space 39832K,  74% used [0x00000000f5aa0000, 0x00000000f779ade0, 0x00000000f779ae00, 0x00000000f8186000)
 Metaspace       used 25372K, capacity 26044K, committed 26368K, reserved 1073152K
  class space    used 2754K, capacity 2959K, committed 3072K, reserved 1048576K
}
Event: 126.924 GC heap before
{Heap before GC invocations=46 (full 3):
 def new generation   total 17984K, used 11505K [0x00000000f0800000, 0x00000000f1b80000, 0x00000000f5aa0000)
  eden space 16000K,  63% used [0x00000000f0800000, 0x00000000f11f4798, 0x00000000f17a0000)
  from space 1984K,  66% used [0x00000000f17a0000, 0x00000000f18e7ec0, 0x00000000f1990000)
  to   space 1984K,   0% used [0x00000000f1990000, 0x00000000f1990000, 0x00000000f1b80000)
 tenured generation   total 39832K, used 29675K [0x00000000f5aa0000, 0x00000000f8186000, 0x0000000100000000)
   the space 39832K,  74% used [0x00000000f5aa0000, 0x00000000f779ade0, 0x00000000f779ae00, 0x00000000f8186000)
 Metaspace       used 26548K, capacity 27288K, committed 27520K, reserved 1073152K
  class space    used 2917K, capacity 3157K, committed 3200K, reserved 1048576K
Event: 126.950 GC heap after
Heap after GC invocations=47 (full 3):
 def new generation   total 17984K, used 1536K [0x00000000f0800000, 0x00000000f1b80000, 0x00000000f5aa0000)
  eden space 16000K,   0% used [0x00000000f0800000, 0x00000000f0800000, 0x00000000f17a0000)
  from space 1984K,  77% used [0x00000000f1990000, 0x00000000f1b10078, 0x00000000f1b80000)
  to   space 1984K,   0% used [0x00000000f17a0000, 0x00000000f17a0000, 0x00000000f1990000)
 tenured generation   total 39832K, used 30531K [0x00000000f5aa0000, 0x00000000f8186000, 0x0000000100000000)
   the space 39832K,  76% used [0x00000000f5aa0000, 0x00000000f7870e70, 0x00000000f7871000, 0x00000000f8186000)
 Metaspace       used 26548K, capacity 27288K, committed 27520K, reserved 1073152K
  class space    used 2917K, capacity 3157K, committed 3200K, reserved 1048576K
}
Event: 126.955 GC heap before
{Heap before GC invocations=47 (full 3):
 def new generation   total 17984K, used 11616K [0x00000000f0800000, 0x00000000f1b80000, 0x00000000f5aa0000)
  eden space 16000K,  63% used [0x00000000f0800000, 0x00000000f11d82d8, 0x00000000f17a0000)
  from space 1984K,  77% used [0x00000000f1990000, 0x00000000f1b10078, 0x00000000f1b80000)
  to   space 1984K,   0% used [0x00000000f17a0000, 0x00000000f17a0000, 0x00000000f1990000)
 tenured generation   total 39832K, used 30531K [0x00000000f5aa0000, 0x00000000f8186000, 0x0000000100000000)
   the space 39832K,  76% used [0x00000000f5aa0000, 0x00000000f7870e70, 0x00000000f7871000, 0x00000000f8186000)
 Metaspace       used 26556K, capacity 27288K, committed 27520K, reserved 1073152K
  class space    used 2918K, capacity 3157K, committed 3200K, reserved 1048576K

